<?xml version="1.0" encoding="UTF-8"?>
<!-- Generated by org.testng.reporters.JUnitXMLReporter -->
<testsuite ignored="0" hostname="MacBook-Pro-Ihor.local" failures="0" tests="36" name="Command line test" time="0.185" errors="0" timestamp="2023-05-08T20:22:28 EEST">
  <testcase classname="comFinmatic.SetupClassTest" name="@BeforeMethod setUp" time="0.01">
    <failure type="java.lang.NullPointerException" message="Cannot invoke &amp;quot;String.equalsIgnoreCase(String)&amp;quot; because &amp;quot;environment&amp;quot; is null">
      <![CDATA[java.lang.NullPointerException: Cannot invoke "String.equalsIgnoreCase(String)" because "environment" is null
at comFinmatic.SetupClassTest.setUp(SetupClassTest.java:24)
at java.base/java.util.ArrayList.forEach(ArrayList.java:1511)
... Removed 37 stack frames]]>
    </failure>
  </testcase> <!-- @BeforeMethod setUp -->
  <testcase classname="comFinmatic.SetupClassTest" name="@BeforeMethod setUp" time="-1.683566548256E9">
    <skipped/>
  </testcase> <!-- @BeforeMethod setUp -->
  <testcase classname="comFinmatic.SetupClassTest" name="@BeforeMethod setUp" time="0.001">
    <failure type="java.lang.NullPointerException" message="Cannot invoke &amp;quot;String.equalsIgnoreCase(String)&amp;quot; because &amp;quot;environment&amp;quot; is null">
      <![CDATA[java.lang.NullPointerException: Cannot invoke "String.equalsIgnoreCase(String)" because "environment" is null
at comFinmatic.SetupClassTest.setUp(SetupClassTest.java:24)
at java.base/java.util.ArrayList.forEach(ArrayList.java:1511)
... Removed 37 stack frames]]>
    </failure>
  </testcase> <!-- @BeforeMethod setUp -->
  <testcase classname="comFinmatic.SetupClassTest" name="@BeforeMethod setUp" time="-1.683566548265E9">
    <skipped/>
  </testcase> <!-- @BeforeMethod setUp -->
  <testcase classname="comFinmatic.SetupClassTest" name="@BeforeMethod setUp" time="-1.683566548266E9">
    <skipped/>
  </testcase> <!-- @BeforeMethod setUp -->
  <testcase classname="comFinmatic.SetupClassTest" name="@BeforeMethod setUp" time="-1.683566548268E9">
    <skipped/>
  </testcase> <!-- @BeforeMethod setUp -->
  <testcase classname="comFinmatic.SetupClassTest" name="@BeforeMethod setUp" time="-1.68356654827E9">
    <skipped/>
  </testcase> <!-- @BeforeMethod setUp -->
  <testcase classname="comFinmatic.SetupClassTest" name="@BeforeMethod setUp" time="-1.683566548273E9">
    <skipped/>
  </testcase> <!-- @BeforeMethod setUp -->
  <testcase classname="comFinmatic.SetupClassTest" name="@BeforeMethod setUp" time="-1.683566548276E9">
    <skipped/>
  </testcase> <!-- @BeforeMethod setUp -->
  <testcase classname="comFinmatic.SetupClassTest" name="@BeforeMethod setUp" time="-1.683566548278E9">
    <skipped/>
  </testcase> <!-- @BeforeMethod setUp -->
  <testcase classname="comFinmatic.SetupClassTest" name="@BeforeMethod setUp" time="-1.683566548281E9">
    <skipped/>
  </testcase> <!-- @BeforeMethod setUp -->
  <testcase classname="comFinmatic.SetupClassTest" name="@BeforeMethod setUp" time="-1.683566548283E9">
    <skipped/>
  </testcase> <!-- @BeforeMethod setUp -->
  <testcase classname="comFinmatic.SetupClassTest" name="@BeforeMethod setUp" time="-1.683566548286E9">
    <skipped/>
  </testcase> <!-- @BeforeMethod setUp -->
  <testcase classname="comFinmatic.SetupClassTest" name="@BeforeMethod setUp" time="-1.683566548289E9">
    <skipped/>
  </testcase> <!-- @BeforeMethod setUp -->
  <testcase classname="comFinmatic.SetupClassTest" name="@BeforeMethod setUp" time="-1.683566548292E9">
    <skipped/>
  </testcase> <!-- @BeforeMethod setUp -->
  <testcase classname="comFinmatic.SetupClassTest" name="@BeforeMethod setUp" time="-1.683566548294E9">
    <skipped/>
  </testcase> <!-- @BeforeMethod setUp -->
  <testcase classname="comFinmatic.SetupClassTest" name="@BeforeMethod setUp" time="-1.683566548297E9">
    <skipped/>
  </testcase> <!-- @BeforeMethod setUp -->
  <testcase classname="comFinmatic.SetupClassTest" name="@BeforeMethod setUp" time="-1.683566548299E9">
    <skipped/>
  </testcase> <!-- @BeforeMethod setUp -->
  <testcase classname="comFinmatic.SetupClassTest" name="@BeforeMethod setUp" time="0.0">
    <failure type="java.lang.NullPointerException" message="Cannot invoke &amp;quot;String.equalsIgnoreCase(String)&amp;quot; because &amp;quot;environment&amp;quot; is null">
      <![CDATA[java.lang.NullPointerException: Cannot invoke "String.equalsIgnoreCase(String)" because "environment" is null
at comFinmatic.SetupClassTest.setUp(SetupClassTest.java:24)
at java.base/java.util.ArrayList.forEach(ArrayList.java:1511)
... Removed 37 stack frames]]>
    </failure>
  </testcase> <!-- @BeforeMethod setUp -->
  <testcase classname="comFinmatic.SetupClassTest" name="@BeforeMethod setUp" time="-1.683566548305E9">
    <skipped/>
  </testcase> <!-- @BeforeMethod setUp -->
  <testcase classname="comFinmatic.SetupClassTest" name="@BeforeMethod setUp" time="-1.683566548307E9">
    <skipped/>
  </testcase> <!-- @BeforeMethod setUp -->
  <testcase classname="comFinmatic.SetupClassTest" name="@BeforeMethod setUp" time="-1.683566548309E9">
    <skipped/>
  </testcase> <!-- @BeforeMethod setUp -->
  <testcase classname="comFinmatic.SetupClassTest" name="@BeforeMethod setUp" time="-1.683566548311E9">
    <skipped/>
  </testcase> <!-- @BeforeMethod setUp -->
  <testcase classname="comFinmatic.SetupClassTest" name="@BeforeMethod setUp" time="-1.683566548315E9">
    <skipped/>
  </testcase> <!-- @BeforeMethod setUp -->
  <testcase classname="comFinmatic.SetupClassTest" name="@BeforeMethod setUp" time="-1.683566548316E9">
    <skipped/>
  </testcase> <!-- @BeforeMethod setUp -->
  <testcase classname="comFinmatic.SetupClassTest" name="@BeforeMethod setUp" time="-1.683566548318E9">
    <skipped/>
  </testcase> <!-- @BeforeMethod setUp -->
  <testcase classname="comFinmatic.SetupClassTest" name="@BeforeMethod setUp" time="0.0">
    <failure type="java.lang.NullPointerException" message="Cannot invoke &amp;quot;String.equalsIgnoreCase(String)&amp;quot; because &amp;quot;environment&amp;quot; is null">
      <![CDATA[java.lang.NullPointerException: Cannot invoke "String.equalsIgnoreCase(String)" because "environment" is null
at comFinmatic.SetupClassTest.setUp(SetupClassTest.java:24)
at java.base/java.util.ArrayList.forEach(ArrayList.java:1511)
... Removed 37 stack frames]]>
    </failure>
  </testcase> <!-- @BeforeMethod setUp -->
  <testcase classname="comFinmatic.SetupClassTest" name="@BeforeMethod setUp" time="-1.683566548324E9">
    <skipped/>
  </testcase> <!-- @BeforeMethod setUp -->
  <testcase classname="comFinmatic.SetupClassTest" name="@BeforeMethod setUp" time="0.001">
    <failure type="java.lang.NullPointerException" message="Cannot invoke &amp;quot;String.equalsIgnoreCase(String)&amp;quot; because &amp;quot;environment&amp;quot; is null">
      <![CDATA[java.lang.NullPointerException: Cannot invoke "String.equalsIgnoreCase(String)" because "environment" is null
at comFinmatic.SetupClassTest.setUp(SetupClassTest.java:24)
at java.base/java.util.ArrayList.forEach(ArrayList.java:1511)
... Removed 37 stack frames]]>
    </failure>
  </testcase> <!-- @BeforeMethod setUp -->
  <testcase classname="comFinmatic.SetupClassTest" name="@BeforeMethod setUp" time="-1.683566548333E9">
    <skipped/>
  </testcase> <!-- @BeforeMethod setUp -->
  <testcase classname="comFinmatic.SetupClassTest" name="@BeforeMethod setUp" time="-1.683566548341E9">
    <skipped/>
  </testcase> <!-- @BeforeMethod setUp -->
  <testcase classname="comFinmatic.SetupClassTest" name="@BeforeMethod setUp" time="-1.683566548343E9">
    <skipped/>
  </testcase> <!-- @BeforeMethod setUp -->
  <testcase classname="comFinmatic.SetupClassTest" name="@BeforeMethod setUp" time="0.001">
    <failure type="java.lang.NullPointerException" message="Cannot invoke &amp;quot;String.equalsIgnoreCase(String)&amp;quot; because &amp;quot;environment&amp;quot; is null">
      <![CDATA[java.lang.NullPointerException: Cannot invoke "String.equalsIgnoreCase(String)" because "environment" is null
at comFinmatic.SetupClassTest.setUp(SetupClassTest.java:24)
at java.base/java.util.ArrayList.forEach(ArrayList.java:1511)
... Removed 37 stack frames]]>
    </failure>
  </testcase> <!-- @BeforeMethod setUp -->
  <testcase classname="comFinmatic.SetupClassTest" name="@BeforeMethod setUp" time="-1.683566548348E9">
    <skipped/>
  </testcase> <!-- @BeforeMethod setUp -->
  <testcase classname="comFinmatic.SetupClassTest" name="@BeforeMethod setUp" time="-1.68356654835E9">
    <skipped/>
  </testcase> <!-- @BeforeMethod setUp -->
  <testcase classname="comFinmatic.SetupClassTest" name="@BeforeMethod setUp" time="-1.683566548352E9">
    <skipped/>
  </testcase> <!-- @BeforeMethod setUp -->
  <testcase classname="comFinmatic.SettingsTest" name="testResetPasswordBusinessAccountInSettings" time="0.0">
    <skipped/>
  </testcase> <!-- testResetPasswordBusinessAccountInSettings -->
  <testcase classname="comFinmatic.SettingsTest" name="testResetPasswordPersonalAccountInSettings" time="0.0">
    <skipped/>
  </testcase> <!-- testResetPasswordPersonalAccountInSettings -->
  <testcase classname="comFinmatic.BackOfficeTest" name="testCheckKycStatusDeclinedForNewUserBusiness" time="0.0">
    <skipped/>
  </testcase> <!-- testCheckKycStatusDeclinedForNewUserBusiness -->
  <testcase classname="comFinmatic.BackOfficeTest" name="testCheckKycStatusDeclinedForNewUserPersonal" time="0.0">
    <skipped/>
  </testcase> <!-- testCheckKycStatusDeclinedForNewUserPersonal -->
  <testcase classname="comFinmatic.BackOfficeTest" name="testCheckKycStatusNewForNewUserBusiness" time="0.0">
    <skipped/>
  </testcase> <!-- testCheckKycStatusNewForNewUserBusiness -->
  <testcase classname="comFinmatic.BackOfficeTest" name="testCheckKycStatusNewForNewUserPersonal" time="0.0">
    <skipped/>
  </testcase> <!-- testCheckKycStatusNewForNewUserPersonal -->
  <testcase classname="comFinmatic.BackOfficeTest" name="testCheckKycStatusUnderReviewForNewUserBusiness" time="0.0">
    <skipped/>
  </testcase> <!-- testCheckKycStatusUnderReviewForNewUserBusiness -->
  <testcase classname="comFinmatic.BackOfficeTest" name="testCheckKycStatusUnderReviewForNewUserPersonal" time="0.0">
    <skipped/>
  </testcase> <!-- testCheckKycStatusUnderReviewForNewUserPersonal -->
  <testcase classname="comFinmatic.BackOfficeTest" name="testCheckKycStatusVerifiedForNewUserPersonal" time="0.0">
    <skipped/>
  </testcase> <!-- testCheckKycStatusVerifiedForNewUserPersonal -->
  <testcase classname="comFinmatic.BackOfficeTest" name="testCheckOperatorCanChangeUserStatusToActiveBusinessAccount" time="0.0">
    <skipped/>
  </testcase> <!-- testCheckOperatorCanChangeUserStatusToActiveBusinessAccount -->
  <testcase classname="comFinmatic.BackOfficeTest" name="testCheckOperatorCanChangeUserStatusToActivePersonalAccount" time="0.0">
    <skipped/>
  </testcase> <!-- testCheckOperatorCanChangeUserStatusToActivePersonalAccount -->
  <testcase classname="comFinmatic.BackOfficeTest" name="testCheckOperatorCanChangeUserStatusToAdministrateBusinessAccount" time="0.0">
    <skipped/>
  </testcase> <!-- testCheckOperatorCanChangeUserStatusToAdministrateBusinessAccount -->
  <testcase classname="comFinmatic.BackOfficeTest" name="testCheckOperatorCanChangeUserStatusToAdministratePersonalAccount" time="0.0">
    <skipped/>
  </testcase> <!-- testCheckOperatorCanChangeUserStatusToAdministratePersonalAccount -->
  <testcase classname="comFinmatic.BackOfficeTest" name="testCheckOperatorCanChangeUserStatusToBlockedBusinessAccount" time="0.0">
    <skipped/>
  </testcase> <!-- testCheckOperatorCanChangeUserStatusToBlockedBusinessAccount -->
  <testcase classname="comFinmatic.BackOfficeTest" name="testCheckOperatorCanChangeUserStatusToBlockedPersonalAccount" time="0.0">
    <skipped/>
  </testcase> <!-- testCheckOperatorCanChangeUserStatusToBlockedPersonalAccount -->
  <testcase classname="comFinmatic.BackOfficeTest" name="testCheckUserCanResetPswrdUsingProvidedLinkBusiness" time="0.0">
    <skipped/>
  </testcase> <!-- testCheckUserCanResetPswrdUsingProvidedLinkBusiness -->
  <testcase classname="comFinmatic.BackOfficeTest" name="testUserReceiveResetPswrdEmailBusiness" time="0.0">
    <skipped/>
  </testcase> <!-- testUserReceiveResetPswrdEmailBusiness -->
  <testcase classname="comFinmatic.BackOfficeTest" name="testUserReceiveResetPswrdEmailPersonal" time="0.0">
    <skipped/>
  </testcase> <!-- testUserReceiveResetPswrdEmailPersonal -->
  <testcase classname="comFinmatic.DashboardTest" name="testCheckPersonalAccountCanSeeVerificationBtn" time="0.0">
    <skipped/>
  </testcase> <!-- testCheckPersonalAccountCanSeeVerificationBtn -->
  <testcase classname="comFinmatic.DashboardTest" name="testCheckBusinessAccountCanSeeVerificationBtn" time="0.0">
    <skipped/>
  </testcase> <!-- testCheckBusinessAccountCanSeeVerificationBtn -->
  <testcase classname="comFinmatic.DashboardTest" name="testCheckBusinessAccountCanCompleteVerification" time="0.0">
    <skipped/>
  </testcase> <!-- testCheckBusinessAccountCanCompleteVerification -->
  <testcase classname="comFinmatic.DashboardTest" name="testCheckBusinessAccountReceivesEmailSuccessfulActivation" time="0.0">
    <skipped/>
  </testcase> <!-- testCheckBusinessAccountReceivesEmailSuccessfulActivation -->
  <testcase classname="comFinmatic.DashboardTest" name="testCheckPersonalAccountCanCompleteVerification" time="0.0">
    <skipped/>
  </testcase> <!-- testCheckPersonalAccountCanCompleteVerification -->
  <testcase classname="comFinmatic.DashboardTest" name="testCheckPersonalAccountReceivesEmailSuccessfulActivation" time="0.0">
    <skipped/>
  </testcase> <!-- testCheckPersonalAccountReceivesEmailSuccessfulActivation -->
  <testcase classname="comFinmatic.DashboardTest" name="testCheckPersonalAccountCantAddPersonalAccount" time="0.0">
    <skipped/>
  </testcase> <!-- testCheckPersonalAccountCantAddPersonalAccount -->
  <testcase classname="comFinmatic.DashboardTest" name="testCheckBusinessAccountCanAddPersonalAsRepresentative" time="0.0">
    <skipped/>
  </testcase> <!-- testCheckBusinessAccountCanAddPersonalAsRepresentative -->
  <testcase classname="comFinmatic.LoginTest" name="testCheckUserCanLoginBussinessAccount" time="0.0">
    <skipped/>
  </testcase> <!-- testCheckUserCanLoginBussinessAccount -->
  <testcase classname="comFinmatic.LoginTest" name="testCheckUserCanLoginPersonalAccount" time="0.0">
    <skipped/>
  </testcase> <!-- testCheckUserCanLoginPersonalAccount -->
  <testcase classname="comFinmatic.ForgotPasswordTest" name="testForgotPasswordPersonalAccount" time="0.0">
    <skipped/>
  </testcase> <!-- testForgotPasswordPersonalAccount -->
  <testcase classname="comFinmatic.ForgotPasswordTest" name="testForgotPasswordWithEMailPhoneBusinessAccount" time="0.0">
    <skipped/>
  </testcase> <!-- testForgotPasswordWithEMailPhoneBusinessAccount -->
  <testcase classname="comFinmatic.ForgotPasswordTest" name="testForgotPasswordWithEmailPhonePersonalAccount" time="0.0">
    <skipped/>
  </testcase> <!-- testForgotPasswordWithEmailPhonePersonalAccount -->
  <testcase classname="comFinmatic.ForgotPasswordTest" name="testForgotPasswordWithOutEmail" time="0.0">
    <skipped/>
  </testcase> <!-- testForgotPasswordWithOutEmail -->
  <testcase classname="comFinmatic.RegisterTest" name="testRegistrationBussinessAccount" time="0.0">
    <skipped/>
  </testcase> <!-- testRegistrationBussinessAccount -->
  <testcase classname="comFinmatic.RegisterTest" name="testRegistrationPersonalAccount" time="0.0">
    <skipped/>
  </testcase> <!-- testRegistrationPersonalAccount -->
  <testcase classname="comFinmatic.RegisterTest" name="testRegistrationWithoutAccountBussinessAccount" time="0.0">
    <skipped/>
  </testcase> <!-- testRegistrationWithoutAccountBussinessAccount -->
  <testcase classname="comFinmatic.RegisterTest" name="testRegistrationWithoutAccountPersonalAccount" time="0.0">
    <skipped/>
  </testcase> <!-- testRegistrationWithoutAccountPersonalAccount -->
</testsuite> <!-- Command line test -->
