<?xml version="1.0" encoding="UTF-8"?>
<!-- Generated by org.testng.reporters.JUnitXMLReporter -->
<testsuite ignored="0" hostname="MacBook-Pro-Ihor.local" failures="0" tests="34" name="Command line test" time="0.179" errors="0" timestamp="2023-04-08T17:05:29 EEST">
  <testcase classname="comFinmatic.SetupClassTest" name="@BeforeMethod setUp" time="0.023">
    <failure type="java.lang.NullPointerException" message="Cannot invoke &amp;quot;String.equalsIgnoreCase(String)&amp;quot; because &amp;quot;this.browser&amp;quot; is null">
      <![CDATA[java.lang.NullPointerException: Cannot invoke "String.equalsIgnoreCase(String)" because "this.browser" is null
at comFinmatic.SetupClassTest.setUp(SetupClassTest.java:22)
at java.base/java.util.ArrayList.forEach(ArrayList.java:1511)
... Removed 37 stack frames]]>
    </failure>
  </testcase> <!-- @BeforeMethod setUp -->
  <testcase classname="comFinmatic.SetupClassTest" name="@BeforeMethod setUp" time="-1.680962729549E9">
    <skipped/>
  </testcase> <!-- @BeforeMethod setUp -->
  <testcase classname="comFinmatic.SetupClassTest" name="@BeforeMethod setUp" time="0.001">
    <failure type="java.lang.NullPointerException" message="Cannot invoke &amp;quot;String.equalsIgnoreCase(String)&amp;quot; because &amp;quot;this.browser&amp;quot; is null">
      <![CDATA[java.lang.NullPointerException: Cannot invoke "String.equalsIgnoreCase(String)" because "this.browser" is null
at comFinmatic.SetupClassTest.setUp(SetupClassTest.java:22)
at java.base/java.util.ArrayList.forEach(ArrayList.java:1511)
... Removed 37 stack frames]]>
    </failure>
  </testcase> <!-- @BeforeMethod setUp -->
  <testcase classname="comFinmatic.SetupClassTest" name="@BeforeMethod setUp" time="-1.680962729558E9">
    <skipped/>
  </testcase> <!-- @BeforeMethod setUp -->
  <testcase classname="comFinmatic.SetupClassTest" name="@BeforeMethod setUp" time="-1.680962729559E9">
    <skipped/>
  </testcase> <!-- @BeforeMethod setUp -->
  <testcase classname="comFinmatic.SetupClassTest" name="@BeforeMethod setUp" time="-1.680962729561E9">
    <skipped/>
  </testcase> <!-- @BeforeMethod setUp -->
  <testcase classname="comFinmatic.SetupClassTest" name="@BeforeMethod setUp" time="-1.680962729563E9">
    <skipped/>
  </testcase> <!-- @BeforeMethod setUp -->
  <testcase classname="comFinmatic.SetupClassTest" name="@BeforeMethod setUp" time="-1.680962729565E9">
    <skipped/>
  </testcase> <!-- @BeforeMethod setUp -->
  <testcase classname="comFinmatic.SetupClassTest" name="@BeforeMethod setUp" time="-1.680962729566E9">
    <skipped/>
  </testcase> <!-- @BeforeMethod setUp -->
  <testcase classname="comFinmatic.SetupClassTest" name="@BeforeMethod setUp" time="-1.680962729568E9">
    <skipped/>
  </testcase> <!-- @BeforeMethod setUp -->
  <testcase classname="comFinmatic.SetupClassTest" name="@BeforeMethod setUp" time="-1.680962729571E9">
    <skipped/>
  </testcase> <!-- @BeforeMethod setUp -->
  <testcase classname="comFinmatic.SetupClassTest" name="@BeforeMethod setUp" time="-1.680962729573E9">
    <skipped/>
  </testcase> <!-- @BeforeMethod setUp -->
  <testcase classname="comFinmatic.SetupClassTest" name="@BeforeMethod setUp" time="-1.680962729575E9">
    <skipped/>
  </testcase> <!-- @BeforeMethod setUp -->
  <testcase classname="comFinmatic.SetupClassTest" name="@BeforeMethod setUp" time="-1.680962729577E9">
    <skipped/>
  </testcase> <!-- @BeforeMethod setUp -->
  <testcase classname="comFinmatic.SetupClassTest" name="@BeforeMethod setUp" time="-1.680962729579E9">
    <skipped/>
  </testcase> <!-- @BeforeMethod setUp -->
  <testcase classname="comFinmatic.SetupClassTest" name="@BeforeMethod setUp" time="-1.680962729581E9">
    <skipped/>
  </testcase> <!-- @BeforeMethod setUp -->
  <testcase classname="comFinmatic.SetupClassTest" name="@BeforeMethod setUp" time="-1.680962729584E9">
    <skipped/>
  </testcase> <!-- @BeforeMethod setUp -->
  <testcase classname="comFinmatic.SetupClassTest" name="@BeforeMethod setUp" time="0.001">
    <failure type="java.lang.NullPointerException" message="Cannot invoke &amp;quot;String.equalsIgnoreCase(String)&amp;quot; because &amp;quot;this.browser&amp;quot; is null">
      <![CDATA[java.lang.NullPointerException: Cannot invoke "String.equalsIgnoreCase(String)" because "this.browser" is null
at comFinmatic.SetupClassTest.setUp(SetupClassTest.java:22)
at java.base/java.util.ArrayList.forEach(ArrayList.java:1511)
... Removed 37 stack frames]]>
    </failure>
  </testcase> <!-- @BeforeMethod setUp -->
  <testcase classname="comFinmatic.SetupClassTest" name="@BeforeMethod setUp" time="-1.680962729594E9">
    <skipped/>
  </testcase> <!-- @BeforeMethod setUp -->
  <testcase classname="comFinmatic.SetupClassTest" name="@BeforeMethod setUp" time="-1.680962729597E9">
    <skipped/>
  </testcase> <!-- @BeforeMethod setUp -->
  <testcase classname="comFinmatic.SetupClassTest" name="@BeforeMethod setUp" time="-1.6809627296E9">
    <skipped/>
  </testcase> <!-- @BeforeMethod setUp -->
  <testcase classname="comFinmatic.SetupClassTest" name="@BeforeMethod setUp" time="-1.680962729604E9">
    <skipped/>
  </testcase> <!-- @BeforeMethod setUp -->
  <testcase classname="comFinmatic.SetupClassTest" name="@BeforeMethod setUp" time="-1.680962729607E9">
    <skipped/>
  </testcase> <!-- @BeforeMethod setUp -->
  <testcase classname="comFinmatic.SetupClassTest" name="@BeforeMethod setUp" time="-1.68096272961E9">
    <skipped/>
  </testcase> <!-- @BeforeMethod setUp -->
  <testcase classname="comFinmatic.SetupClassTest" name="@BeforeMethod setUp" time="-1.680962729613E9">
    <skipped/>
  </testcase> <!-- @BeforeMethod setUp -->
  <testcase classname="comFinmatic.SetupClassTest" name="@BeforeMethod setUp" time="0.001">
    <failure type="java.lang.NullPointerException" message="Cannot invoke &amp;quot;String.equalsIgnoreCase(String)&amp;quot; because &amp;quot;this.browser&amp;quot; is null">
      <![CDATA[java.lang.NullPointerException: Cannot invoke "String.equalsIgnoreCase(String)" because "this.browser" is null
at comFinmatic.SetupClassTest.setUp(SetupClassTest.java:22)
at java.base/java.util.ArrayList.forEach(ArrayList.java:1511)
... Removed 37 stack frames]]>
    </failure>
  </testcase> <!-- @BeforeMethod setUp -->
  <testcase classname="comFinmatic.SetupClassTest" name="@BeforeMethod setUp" time="-1.680962729618E9">
    <skipped/>
  </testcase> <!-- @BeforeMethod setUp -->
  <testcase classname="comFinmatic.SetupClassTest" name="@BeforeMethod setUp" time="0.0">
    <failure type="java.lang.NullPointerException" message="Cannot invoke &amp;quot;String.equalsIgnoreCase(String)&amp;quot; because &amp;quot;this.browser&amp;quot; is null">
      <![CDATA[java.lang.NullPointerException: Cannot invoke "String.equalsIgnoreCase(String)" because "this.browser" is null
at comFinmatic.SetupClassTest.setUp(SetupClassTest.java:22)
at java.base/java.util.ArrayList.forEach(ArrayList.java:1511)
... Removed 37 stack frames]]>
    </failure>
  </testcase> <!-- @BeforeMethod setUp -->
  <testcase classname="comFinmatic.SetupClassTest" name="@BeforeMethod setUp" time="-1.680962729624E9">
    <skipped/>
  </testcase> <!-- @BeforeMethod setUp -->
  <testcase classname="comFinmatic.SetupClassTest" name="@BeforeMethod setUp" time="-1.68096272963E9">
    <skipped/>
  </testcase> <!-- @BeforeMethod setUp -->
  <testcase classname="comFinmatic.SetupClassTest" name="@BeforeMethod setUp" time="0.001">
    <failure type="java.lang.NullPointerException" message="Cannot invoke &amp;quot;String.equalsIgnoreCase(String)&amp;quot; because &amp;quot;this.browser&amp;quot; is null">
      <![CDATA[java.lang.NullPointerException: Cannot invoke "String.equalsIgnoreCase(String)" because "this.browser" is null
at comFinmatic.SetupClassTest.setUp(SetupClassTest.java:22)
at java.base/java.util.ArrayList.forEach(ArrayList.java:1511)
... Removed 37 stack frames]]>
    </failure>
  </testcase> <!-- @BeforeMethod setUp -->
  <testcase classname="comFinmatic.SetupClassTest" name="@BeforeMethod setUp" time="-1.680962729636E9">
    <skipped/>
  </testcase> <!-- @BeforeMethod setUp -->
  <testcase classname="comFinmatic.SetupClassTest" name="@BeforeMethod setUp" time="-1.680962729639E9">
    <skipped/>
  </testcase> <!-- @BeforeMethod setUp -->
  <testcase classname="comFinmatic.SetupClassTest" name="@BeforeMethod setUp" time="-1.680962729641E9">
    <skipped/>
  </testcase> <!-- @BeforeMethod setUp -->
  <testcase classname="comFinmatic.SettingsTest" name="testResetPasswordBusinessAccountInSettings" time="0.0">
    <skipped/>
  </testcase> <!-- testResetPasswordBusinessAccountInSettings -->
  <testcase classname="comFinmatic.SettingsTest" name="testResetPasswordPersonalAccountInSettings" time="0.0">
    <skipped/>
  </testcase> <!-- testResetPasswordPersonalAccountInSettings -->
  <testcase classname="comFinmatic.BackOfficeTest" name="testCheckKycStatusActiveForNewUserPersonal" time="0.0">
    <skipped/>
  </testcase> <!-- testCheckKycStatusActiveForNewUserPersonal -->
  <testcase classname="comFinmatic.BackOfficeTest" name="testCheckKycStatusDeclinedForNewUserBusiness" time="0.0">
    <skipped/>
  </testcase> <!-- testCheckKycStatusDeclinedForNewUserBusiness -->
  <testcase classname="comFinmatic.BackOfficeTest" name="testCheckKycStatusDeclinedForNewUserPersonal" time="0.0">
    <skipped/>
  </testcase> <!-- testCheckKycStatusDeclinedForNewUserPersonal -->
  <testcase classname="comFinmatic.BackOfficeTest" name="testCheckKycStatusHiddenForNewUserPersonal" time="0.0">
    <skipped/>
  </testcase> <!-- testCheckKycStatusHiddenForNewUserPersonal -->
  <testcase classname="comFinmatic.BackOfficeTest" name="testCheckKycStatusNewForNewUserBusiness" time="0.0">
    <skipped/>
  </testcase> <!-- testCheckKycStatusNewForNewUserBusiness -->
  <testcase classname="comFinmatic.BackOfficeTest" name="testCheckKycStatusNewForNewUserPersonal" time="0.0">
    <skipped/>
  </testcase> <!-- testCheckKycStatusNewForNewUserPersonal -->
  <testcase classname="comFinmatic.BackOfficeTest" name="testCheckKycStatusUnderReviewForNewUserBusiness" time="0.0">
    <skipped/>
  </testcase> <!-- testCheckKycStatusUnderReviewForNewUserBusiness -->
  <testcase classname="comFinmatic.BackOfficeTest" name="testCheckKycStatusUnderReviewForNewUserPersonal" time="0.0">
    <skipped/>
  </testcase> <!-- testCheckKycStatusUnderReviewForNewUserPersonal -->
  <testcase classname="comFinmatic.BackOfficeTest" name="testCheckKycStatusVerifiedForNewUserPersonal" time="0.0">
    <skipped/>
  </testcase> <!-- testCheckKycStatusVerifiedForNewUserPersonal -->
  <testcase classname="comFinmatic.BackOfficeTest" name="testCheckOperatorCanChangeUserStatusToActiveBusinessAccount" time="0.0">
    <skipped/>
  </testcase> <!-- testCheckOperatorCanChangeUserStatusToActiveBusinessAccount -->
  <testcase classname="comFinmatic.BackOfficeTest" name="testCheckOperatorCanChangeUserStatusToActivePersonalAccount" time="0.0">
    <skipped/>
  </testcase> <!-- testCheckOperatorCanChangeUserStatusToActivePersonalAccount -->
  <testcase classname="comFinmatic.BackOfficeTest" name="testCheckOperatorCanChangeUserStatusToAdministrateBusinessAccount" time="0.0">
    <skipped/>
  </testcase> <!-- testCheckOperatorCanChangeUserStatusToAdministrateBusinessAccount -->
  <testcase classname="comFinmatic.BackOfficeTest" name="testCheckOperatorCanChangeUserStatusToAdministratePersonalAccount" time="0.0">
    <skipped/>
  </testcase> <!-- testCheckOperatorCanChangeUserStatusToAdministratePersonalAccount -->
  <testcase classname="comFinmatic.BackOfficeTest" name="testCheckOperatorCanChangeUserStatusToBlockedBusinessAccount" time="0.0">
    <skipped/>
  </testcase> <!-- testCheckOperatorCanChangeUserStatusToBlockedBusinessAccount -->
  <testcase classname="comFinmatic.BackOfficeTest" name="testCheckOperatorCanChangeUserStatusToBlockedPersonalAccount" time="0.0">
    <skipped/>
  </testcase> <!-- testCheckOperatorCanChangeUserStatusToBlockedPersonalAccount -->
  <testcase classname="comFinmatic.DashboardTest" name="testCheckPersonalAccountCanSeeVerificationBtn" time="0.0">
    <skipped/>
  </testcase> <!-- testCheckPersonalAccountCanSeeVerificationBtn -->
  <testcase classname="comFinmatic.DashboardTest" name="testCheckBusinessAccountCanSeeVerificationBtn" time="0.0">
    <skipped/>
  </testcase> <!-- testCheckBusinessAccountCanSeeVerificationBtn -->
  <testcase classname="comFinmatic.DashboardTest" name="testCheckBusinessAccountCanCompleteVerification" time="0.0">
    <skipped/>
  </testcase> <!-- testCheckBusinessAccountCanCompleteVerification -->
  <testcase classname="comFinmatic.DashboardTest" name="testCheckBusinessAccountReceivesEmailSuccessfulActivation" time="0.0">
    <skipped/>
  </testcase> <!-- testCheckBusinessAccountReceivesEmailSuccessfulActivation -->
  <testcase classname="comFinmatic.DashboardTest" name="testCheckPersonalAccountCanCompleteVerification" time="0.0">
    <skipped/>
  </testcase> <!-- testCheckPersonalAccountCanCompleteVerification -->
  <testcase classname="comFinmatic.DashboardTest" name="testCheckPersonalAccountReceivesEmailSuccessfulActivation" time="0.0">
    <skipped/>
  </testcase> <!-- testCheckPersonalAccountReceivesEmailSuccessfulActivation -->
  <testcase classname="comFinmatic.DashboardTest" name="testCheckPersonalAccountCantAddPersonalAccount" time="0.0">
    <skipped/>
  </testcase> <!-- testCheckPersonalAccountCantAddPersonalAccount -->
  <testcase classname="comFinmatic.DashboardTest" name="testCheckBusinessAccountCanAddPersonalAsRepresentative" time="0.0">
    <skipped/>
  </testcase> <!-- testCheckBusinessAccountCanAddPersonalAsRepresentative -->
  <testcase classname="comFinmatic.LoginTest" name="testCheckUserCanLoginBussinessAccount" time="0.0">
    <skipped/>
  </testcase> <!-- testCheckUserCanLoginBussinessAccount -->
  <testcase classname="comFinmatic.LoginTest" name="testCheckUserCanLoginPersonalAccount" time="0.0">
    <skipped/>
  </testcase> <!-- testCheckUserCanLoginPersonalAccount -->
  <testcase classname="comFinmatic.ForgotPasswordTest" name="testForgotPasswordBusinessAccount" time="0.0">
    <skipped/>
  </testcase> <!-- testForgotPasswordBusinessAccount -->
  <testcase classname="comFinmatic.ForgotPasswordTest" name="testForgotPasswordPersonalAccount" time="0.0">
    <skipped/>
  </testcase> <!-- testForgotPasswordPersonalAccount -->
  <testcase classname="comFinmatic.ForgotPasswordTest" name="testForgotPasswordWithoutAccount" time="0.0">
    <skipped/>
  </testcase> <!-- testForgotPasswordWithoutAccount -->
  <testcase classname="comFinmatic.RegisterTest" name="testRegistrationBussinessAccount" time="0.0">
    <skipped/>
  </testcase> <!-- testRegistrationBussinessAccount -->
  <testcase classname="comFinmatic.RegisterTest" name="testRegistrationPersonalAccount" time="0.0">
    <skipped/>
  </testcase> <!-- testRegistrationPersonalAccount -->
  <testcase classname="comFinmatic.RegisterTest" name="testRegistrationWithoutAccountBussinessAccount" time="0.0">
    <skipped/>
  </testcase> <!-- testRegistrationWithoutAccountBussinessAccount -->
  <testcase classname="comFinmatic.RegisterTest" name="testRegistrationWithoutAccountPersonalAccount" time="0.0">
    <skipped/>
  </testcase> <!-- testRegistrationWithoutAccountPersonalAccount -->
</testsuite> <!-- Command line test -->
