<?xml version="1.0" encoding="UTF-8" ?>
<testsuite tests="72" failures="6" name="TestSuite" time="0.712" errors="0" skipped="66">
  <properties>
[...]
</properties>
  <testcase classname="comFinmatic.SettingsTest" name="setUp" time="0.615">
    <failure message="Cannot invoke &quot;String.equalsIgnoreCase(String)&quot; because &quot;environment&quot; is null" type="java.lang.NullPointerException">java.lang.NullPointerException: Cannot invoke &quot;String.equalsIgnoreCase(String)&quot; because &quot;environment&quot; is null
	at comFinmatic.SetupClassTest.setUp(SetupClassTest.java:24)
	at java.base/jdk.internal.reflect.DirectMethodHandleAccessor.invoke(DirectMethodHandleAccessor.java:104)
	at java.base/java.lang.reflect.Method.invoke(Method.java:578)
	at org.testng.internal.MethodInvocationHelper.invokeMethod(MethodInvocationHelper.java:133)
	at org.testng.internal.MethodInvocationHelper.invokeMethodConsideringTimeout(MethodInvocationHelper.java:62)
	at org.testng.internal.ConfigInvoker.invokeConfigurationMethod(ConfigInvoker.java:385)
	at org.testng.internal.ConfigInvoker.invokeConfigurations(ConfigInvoker.java:321)
	at org.testng.internal.TestInvoker.runConfigMethods(TestInvoker.java:700)
	at org.testng.internal.TestInvoker.invokeMethod(TestInvoker.java:527)
	at org.testng.internal.TestInvoker.invokeTestMethod(TestInvoker.java:173)
	at org.testng.internal.MethodRunner.runInSequence(MethodRunner.java:46)
	at org.testng.internal.TestInvoker$MethodInvocationAgent.invoke(TestInvoker.java:824)
	at org.testng.internal.TestInvoker.invokeTestMethods(TestInvoker.java:146)
	at org.testng.internal.TestMethodWorker.invokeTestMethods(TestMethodWorker.java:146)
	at org.testng.internal.TestMethodWorker.run(TestMethodWorker.java:128)
	at java.base/java.util.ArrayList.forEach(ArrayList.java:1511)
	at org.testng.TestRunner.privateRun(TestRunner.java:794)
	at org.testng.TestRunner.run(TestRunner.java:596)
	at org.testng.SuiteRunner.runTest(SuiteRunner.java:377)
	at org.testng.SuiteRunner.runSequentially(SuiteRunner.java:371)
	at org.testng.SuiteRunner.privateRun(SuiteRunner.java:332)
	at org.testng.SuiteRunner.run(SuiteRunner.java:276)
	at org.testng.SuiteRunnerWorker.runSuite(SuiteRunnerWorker.java:53)
	at org.testng.SuiteRunnerWorker.run(SuiteRunnerWorker.java:96)
	at org.testng.TestNG.runSuitesSequentially(TestNG.java:1212)
	at org.testng.TestNG.runSuitesLocally(TestNG.java:1134)
	at org.testng.TestNG.runSuites(TestNG.java:1063)
	at org.testng.TestNG.run(TestNG.java:1031)
	at org.apache.maven.surefire.testng.TestNGExecutor.run(TestNGExecutor.java:77)
	at org.apache.maven.surefire.testng.TestNGDirectoryTestSuite.executeMulti(TestNGDirectoryTestSuite.java:159)
	at org.apache.maven.surefire.testng.TestNGDirectoryTestSuite.execute(TestNGDirectoryTestSuite.java:99)
	at org.apache.maven.surefire.testng.TestNGProvider.invoke(TestNGProvider.java:106)
	at java.base/jdk.internal.reflect.DirectMethodHandleAccessor.invoke(DirectMethodHandleAccessor.java:104)
	at java.base/java.lang.reflect.Method.invoke(Method.java:578)
	at org.apache.maven.surefire.util.ReflectionUtils.invokeMethodWithArray(ReflectionUtils.java:189)
	at org.apache.maven.surefire.booter.ProviderFactory$ProviderProxy.invoke(ProviderFactory.java:165)
	at org.apache.maven.surefire.booter.ProviderFactory.invokeProvider(ProviderFactory.java:85)
	at org.apache.maven.surefire.booter.ForkedBooter.runSuitesInProcess(ForkedBooter.java:115)
	at org.apache.maven.surefire.booter.ForkedBooter.main(ForkedBooter.java:75)
</failure>
    <system-out>Configuring TestNG with: org.apache.maven.surefire.testng.conf.TestNG652Configurator@5594a1b5
</system-out>
  </testcase>
  <testcase classname="comFinmatic.SettingsTest" name="testResetPasswordBusinessAccountInSettings" time="0.001">
    <skipped/>
  </testcase>
  <testcase classname="comFinmatic.SettingsTest" name="setUp" time="0.008">
    <skipped/>
  </testcase>
  <testcase classname="comFinmatic.SettingsTest" name="testResetPasswordPersonalAccountInSettings" time="0.001">
    <skipped/>
  </testcase>
  <testcase classname="comFinmatic.BackOfficeTest" name="setUp" time="0.006">
    <failure message="Cannot invoke &quot;String.equalsIgnoreCase(String)&quot; because &quot;environment&quot; is null" type="java.lang.NullPointerException">java.lang.NullPointerException: Cannot invoke &quot;String.equalsIgnoreCase(String)&quot; because &quot;environment&quot; is null
	at comFinmatic.SetupClassTest.setUp(SetupClassTest.java:24)
	at java.base/jdk.internal.reflect.DirectMethodHandleAccessor.invoke(DirectMethodHandleAccessor.java:104)
	at java.base/java.lang.reflect.Method.invoke(Method.java:578)
	at org.testng.internal.MethodInvocationHelper.invokeMethod(MethodInvocationHelper.java:133)
	at org.testng.internal.MethodInvocationHelper.invokeMethodConsideringTimeout(MethodInvocationHelper.java:62)
	at org.testng.internal.ConfigInvoker.invokeConfigurationMethod(ConfigInvoker.java:385)
	at org.testng.internal.ConfigInvoker.invokeConfigurations(ConfigInvoker.java:321)
	at org.testng.internal.TestInvoker.runConfigMethods(TestInvoker.java:700)
	at org.testng.internal.TestInvoker.invokeMethod(TestInvoker.java:527)
	at org.testng.internal.TestInvoker.invokeTestMethod(TestInvoker.java:173)
	at org.testng.internal.MethodRunner.runInSequence(MethodRunner.java:46)
	at org.testng.internal.TestInvoker$MethodInvocationAgent.invoke(TestInvoker.java:824)
	at org.testng.internal.TestInvoker.invokeTestMethods(TestInvoker.java:146)
	at org.testng.internal.TestMethodWorker.invokeTestMethods(TestMethodWorker.java:146)
	at org.testng.internal.TestMethodWorker.run(TestMethodWorker.java:128)
	at java.base/java.util.ArrayList.forEach(ArrayList.java:1511)
	at org.testng.TestRunner.privateRun(TestRunner.java:794)
	at org.testng.TestRunner.run(TestRunner.java:596)
	at org.testng.SuiteRunner.runTest(SuiteRunner.java:377)
	at org.testng.SuiteRunner.runSequentially(SuiteRunner.java:371)
	at org.testng.SuiteRunner.privateRun(SuiteRunner.java:332)
	at org.testng.SuiteRunner.run(SuiteRunner.java:276)
	at org.testng.SuiteRunnerWorker.runSuite(SuiteRunnerWorker.java:53)
	at org.testng.SuiteRunnerWorker.run(SuiteRunnerWorker.java:96)
	at org.testng.TestNG.runSuitesSequentially(TestNG.java:1212)
	at org.testng.TestNG.runSuitesLocally(TestNG.java:1134)
	at org.testng.TestNG.runSuites(TestNG.java:1063)
	at org.testng.TestNG.run(TestNG.java:1031)
	at org.apache.maven.surefire.testng.TestNGExecutor.run(TestNGExecutor.java:77)
	at org.apache.maven.surefire.testng.TestNGDirectoryTestSuite.executeMulti(TestNGDirectoryTestSuite.java:159)
	at org.apache.maven.surefire.testng.TestNGDirectoryTestSuite.execute(TestNGDirectoryTestSuite.java:99)
	at org.apache.maven.surefire.testng.TestNGProvider.invoke(TestNGProvider.java:106)
	at java.base/jdk.internal.reflect.DirectMethodHandleAccessor.invoke(DirectMethodHandleAccessor.java:104)
	at java.base/java.lang.reflect.Method.invoke(Method.java:578)
	at org.apache.maven.surefire.util.ReflectionUtils.invokeMethodWithArray(ReflectionUtils.java:189)
	at org.apache.maven.surefire.booter.ProviderFactory$ProviderProxy.invoke(ProviderFactory.java:165)
	at org.apache.maven.surefire.booter.ProviderFactory.invokeProvider(ProviderFactory.java:85)
	at org.apache.maven.surefire.booter.ForkedBooter.runSuitesInProcess(ForkedBooter.java:115)
	at org.apache.maven.surefire.booter.ForkedBooter.main(ForkedBooter.java:75)
</failure>
  </testcase>
  <testcase classname="comFinmatic.BackOfficeTest" name="testCheckKycStatusDeclinedForNewUserBusiness" time="0">
    <skipped/>
  </testcase>
  <testcase classname="comFinmatic.BackOfficeTest" name="setUp" time="0.002">
    <skipped/>
  </testcase>
  <testcase classname="comFinmatic.BackOfficeTest" name="testCheckKycStatusDeclinedForNewUserPersonal" time="0">
    <skipped/>
  </testcase>
  <testcase classname="comFinmatic.BackOfficeTest" name="setUp" time="0.002">
    <skipped/>
  </testcase>
  <testcase classname="comFinmatic.BackOfficeTest" name="testCheckKycStatusNewForNewUserBusiness" time="0">
    <skipped/>
  </testcase>
  <testcase classname="comFinmatic.BackOfficeTest" name="setUp" time="0.002">
    <skipped/>
  </testcase>
  <testcase classname="comFinmatic.BackOfficeTest" name="testCheckKycStatusNewForNewUserPersonal" time="0.001">
    <skipped/>
  </testcase>
  <testcase classname="comFinmatic.BackOfficeTest" name="setUp" time="0.002">
    <skipped/>
  </testcase>
  <testcase classname="comFinmatic.BackOfficeTest" name="testCheckKycStatusUnderReviewForNewUserBusiness" time="0">
    <skipped/>
  </testcase>
  <testcase classname="comFinmatic.BackOfficeTest" name="setUp" time="0.002">
    <skipped/>
  </testcase>
  <testcase classname="comFinmatic.BackOfficeTest" name="testCheckKycStatusUnderReviewForNewUserPersonal" time="0">
    <skipped/>
  </testcase>
  <testcase classname="comFinmatic.BackOfficeTest" name="setUp" time="0.002">
    <skipped/>
  </testcase>
  <testcase classname="comFinmatic.BackOfficeTest" name="testCheckKycStatusVerifiedForNewUserPersonal" time="0">
    <skipped/>
  </testcase>
  <testcase classname="comFinmatic.BackOfficeTest" name="setUp" time="0.002">
    <skipped/>
  </testcase>
  <testcase classname="comFinmatic.BackOfficeTest" name="testCheckOperatorCanChangeUserStatusToActiveBusinessAccount" time="0.001">
    <skipped/>
  </testcase>
  <testcase classname="comFinmatic.BackOfficeTest" name="setUp" time="0.002">
    <skipped/>
  </testcase>
  <testcase classname="comFinmatic.BackOfficeTest" name="testCheckOperatorCanChangeUserStatusToActivePersonalAccount" time="0">
    <skipped/>
  </testcase>
  <testcase classname="comFinmatic.BackOfficeTest" name="setUp" time="0.002">
    <skipped/>
  </testcase>
  <testcase classname="comFinmatic.BackOfficeTest" name="testCheckOperatorCanChangeUserStatusToAdministrateBusinessAccount" time="0">
    <skipped/>
  </testcase>
  <testcase classname="comFinmatic.BackOfficeTest" name="setUp" time="0.002">
    <skipped/>
  </testcase>
  <testcase classname="comFinmatic.BackOfficeTest" name="testCheckOperatorCanChangeUserStatusToAdministratePersonalAccount" time="0">
    <skipped/>
  </testcase>
  <testcase classname="comFinmatic.BackOfficeTest" name="setUp" time="0.002">
    <skipped/>
  </testcase>
  <testcase classname="comFinmatic.BackOfficeTest" name="testCheckOperatorCanChangeUserStatusToBlockedBusinessAccount" time="0">
    <skipped/>
  </testcase>
  <testcase classname="comFinmatic.BackOfficeTest" name="setUp" time="0.002">
    <skipped/>
  </testcase>
  <testcase classname="comFinmatic.BackOfficeTest" name="testCheckOperatorCanChangeUserStatusToBlockedPersonalAccount" time="0.001">
    <skipped/>
  </testcase>
  <testcase classname="comFinmatic.BackOfficeTest" name="setUp" time="0.003">
    <skipped/>
  </testcase>
  <testcase classname="comFinmatic.BackOfficeTest" name="testCheckUserCanResetPswrdUsingProvidedLinkBusiness" time="0">
    <skipped/>
  </testcase>
  <testcase classname="comFinmatic.BackOfficeTest" name="setUp" time="0.003">
    <skipped/>
  </testcase>
  <testcase classname="comFinmatic.BackOfficeTest" name="testUserReceiveResetPswrdEmailBusiness" time="0">
    <skipped/>
  </testcase>
  <testcase classname="comFinmatic.BackOfficeTest" name="setUp" time="0.002">
    <skipped/>
  </testcase>
  <testcase classname="comFinmatic.BackOfficeTest" name="testUserReceiveResetPswrdEmailPersonal" time="0">
    <skipped/>
  </testcase>
  <testcase classname="comFinmatic.DashboardTest" name="setUp" time="0.003">
    <failure message="Cannot invoke &quot;String.equalsIgnoreCase(String)&quot; because &quot;environment&quot; is null" type="java.lang.NullPointerException">java.lang.NullPointerException: Cannot invoke &quot;String.equalsIgnoreCase(String)&quot; because &quot;environment&quot; is null
	at comFinmatic.SetupClassTest.setUp(SetupClassTest.java:24)
	at java.base/jdk.internal.reflect.DirectMethodHandleAccessor.invoke(DirectMethodHandleAccessor.java:104)
	at java.base/java.lang.reflect.Method.invoke(Method.java:578)
	at org.testng.internal.MethodInvocationHelper.invokeMethod(MethodInvocationHelper.java:133)
	at org.testng.internal.MethodInvocationHelper.invokeMethodConsideringTimeout(MethodInvocationHelper.java:62)
	at org.testng.internal.ConfigInvoker.invokeConfigurationMethod(ConfigInvoker.java:385)
	at org.testng.internal.ConfigInvoker.invokeConfigurations(ConfigInvoker.java:321)
	at org.testng.internal.TestInvoker.runConfigMethods(TestInvoker.java:700)
	at org.testng.internal.TestInvoker.invokeMethod(TestInvoker.java:527)
	at org.testng.internal.TestInvoker.invokeTestMethod(TestInvoker.java:173)
	at org.testng.internal.MethodRunner.runInSequence(MethodRunner.java:46)
	at org.testng.internal.TestInvoker$MethodInvocationAgent.invoke(TestInvoker.java:824)
	at org.testng.internal.TestInvoker.invokeTestMethods(TestInvoker.java:146)
	at org.testng.internal.TestMethodWorker.invokeTestMethods(TestMethodWorker.java:146)
	at org.testng.internal.TestMethodWorker.run(TestMethodWorker.java:128)
	at java.base/java.util.ArrayList.forEach(ArrayList.java:1511)
	at org.testng.TestRunner.privateRun(TestRunner.java:794)
	at org.testng.TestRunner.run(TestRunner.java:596)
	at org.testng.SuiteRunner.runTest(SuiteRunner.java:377)
	at org.testng.SuiteRunner.runSequentially(SuiteRunner.java:371)
	at org.testng.SuiteRunner.privateRun(SuiteRunner.java:332)
	at org.testng.SuiteRunner.run(SuiteRunner.java:276)
	at org.testng.SuiteRunnerWorker.runSuite(SuiteRunnerWorker.java:53)
	at org.testng.SuiteRunnerWorker.run(SuiteRunnerWorker.java:96)
	at org.testng.TestNG.runSuitesSequentially(TestNG.java:1212)
	at org.testng.TestNG.runSuitesLocally(TestNG.java:1134)
	at org.testng.TestNG.runSuites(TestNG.java:1063)
	at org.testng.TestNG.run(TestNG.java:1031)
	at org.apache.maven.surefire.testng.TestNGExecutor.run(TestNGExecutor.java:77)
	at org.apache.maven.surefire.testng.TestNGDirectoryTestSuite.executeMulti(TestNGDirectoryTestSuite.java:159)
	at org.apache.maven.surefire.testng.TestNGDirectoryTestSuite.execute(TestNGDirectoryTestSuite.java:99)
	at org.apache.maven.surefire.testng.TestNGProvider.invoke(TestNGProvider.java:106)
	at java.base/jdk.internal.reflect.DirectMethodHandleAccessor.invoke(DirectMethodHandleAccessor.java:104)
	at java.base/java.lang.reflect.Method.invoke(Method.java:578)
	at org.apache.maven.surefire.util.ReflectionUtils.invokeMethodWithArray(ReflectionUtils.java:189)
	at org.apache.maven.surefire.booter.ProviderFactory$ProviderProxy.invoke(ProviderFactory.java:165)
	at org.apache.maven.surefire.booter.ProviderFactory.invokeProvider(ProviderFactory.java:85)
	at org.apache.maven.surefire.booter.ForkedBooter.runSuitesInProcess(ForkedBooter.java:115)
	at org.apache.maven.surefire.booter.ForkedBooter.main(ForkedBooter.java:75)
</failure>
  </testcase>
  <testcase classname="comFinmatic.DashboardTest" name="testCheckPersonalAccountCanSeeVerificationBtn" time="0">
    <skipped/>
  </testcase>
  <testcase classname="comFinmatic.DashboardTest" name="setUp" time="0.002">
    <skipped/>
  </testcase>
  <testcase classname="comFinmatic.DashboardTest" name="testCheckBusinessAccountCanSeeVerificationBtn" time="0">
    <skipped/>
  </testcase>
  <testcase classname="comFinmatic.DashboardTest" name="setUp" time="0.001">
    <skipped/>
  </testcase>
  <testcase classname="comFinmatic.DashboardTest" name="testCheckBusinessAccountCanCompleteVerification" time="0.001">
    <skipped/>
  </testcase>
  <testcase classname="comFinmatic.DashboardTest" name="setUp" time="0.003">
    <skipped/>
  </testcase>
  <testcase classname="comFinmatic.DashboardTest" name="testCheckBusinessAccountReceivesEmailSuccessfulActivation" time="0">
    <skipped/>
  </testcase>
  <testcase classname="comFinmatic.DashboardTest" name="setUp" time="0.002">
    <skipped/>
  </testcase>
  <testcase classname="comFinmatic.DashboardTest" name="testCheckPersonalAccountCanCompleteVerification" time="0">
    <skipped/>
  </testcase>
  <testcase classname="comFinmatic.DashboardTest" name="setUp" time="0.002">
    <skipped/>
  </testcase>
  <testcase classname="comFinmatic.DashboardTest" name="testCheckPersonalAccountReceivesEmailSuccessfulActivation" time="0">
    <skipped/>
  </testcase>
  <testcase classname="comFinmatic.DashboardTest" name="setUp" time="0.002">
    <skipped/>
  </testcase>
  <testcase classname="comFinmatic.DashboardTest" name="testCheckPersonalAccountCantAddPersonalAccount" time="0">
    <skipped/>
  </testcase>
  <testcase classname="comFinmatic.DashboardTest" name="setUp" time="0.001">
    <skipped/>
  </testcase>
  <testcase classname="comFinmatic.DashboardTest" name="testCheckBusinessAccountCanAddPersonalAsRepresentative" time="0">
    <skipped/>
  </testcase>
  <testcase classname="comFinmatic.LoginTest" name="setUp" time="0.003">
    <failure message="Cannot invoke &quot;String.equalsIgnoreCase(String)&quot; because &quot;environment&quot; is null" type="java.lang.NullPointerException">java.lang.NullPointerException: Cannot invoke &quot;String.equalsIgnoreCase(String)&quot; because &quot;environment&quot; is null
	at comFinmatic.SetupClassTest.setUp(SetupClassTest.java:24)
	at java.base/jdk.internal.reflect.DirectMethodHandleAccessor.invoke(DirectMethodHandleAccessor.java:104)
	at java.base/java.lang.reflect.Method.invoke(Method.java:578)
	at org.testng.internal.MethodInvocationHelper.invokeMethod(MethodInvocationHelper.java:133)
	at org.testng.internal.MethodInvocationHelper.invokeMethodConsideringTimeout(MethodInvocationHelper.java:62)
	at org.testng.internal.ConfigInvoker.invokeConfigurationMethod(ConfigInvoker.java:385)
	at org.testng.internal.ConfigInvoker.invokeConfigurations(ConfigInvoker.java:321)
	at org.testng.internal.TestInvoker.runConfigMethods(TestInvoker.java:700)
	at org.testng.internal.TestInvoker.invokeMethod(TestInvoker.java:527)
	at org.testng.internal.TestInvoker.invokeTestMethod(TestInvoker.java:173)
	at org.testng.internal.MethodRunner.runInSequence(MethodRunner.java:46)
	at org.testng.internal.TestInvoker$MethodInvocationAgent.invoke(TestInvoker.java:824)
	at org.testng.internal.TestInvoker.invokeTestMethods(TestInvoker.java:146)
	at org.testng.internal.TestMethodWorker.invokeTestMethods(TestMethodWorker.java:146)
	at org.testng.internal.TestMethodWorker.run(TestMethodWorker.java:128)
	at java.base/java.util.ArrayList.forEach(ArrayList.java:1511)
	at org.testng.TestRunner.privateRun(TestRunner.java:794)
	at org.testng.TestRunner.run(TestRunner.java:596)
	at org.testng.SuiteRunner.runTest(SuiteRunner.java:377)
	at org.testng.SuiteRunner.runSequentially(SuiteRunner.java:371)
	at org.testng.SuiteRunner.privateRun(SuiteRunner.java:332)
	at org.testng.SuiteRunner.run(SuiteRunner.java:276)
	at org.testng.SuiteRunnerWorker.runSuite(SuiteRunnerWorker.java:53)
	at org.testng.SuiteRunnerWorker.run(SuiteRunnerWorker.java:96)
	at org.testng.TestNG.runSuitesSequentially(TestNG.java:1212)
	at org.testng.TestNG.runSuitesLocally(TestNG.java:1134)
	at org.testng.TestNG.runSuites(TestNG.java:1063)
	at org.testng.TestNG.run(TestNG.java:1031)
	at org.apache.maven.surefire.testng.TestNGExecutor.run(TestNGExecutor.java:77)
	at org.apache.maven.surefire.testng.TestNGDirectoryTestSuite.executeMulti(TestNGDirectoryTestSuite.java:159)
	at org.apache.maven.surefire.testng.TestNGDirectoryTestSuite.execute(TestNGDirectoryTestSuite.java:99)
	at org.apache.maven.surefire.testng.TestNGProvider.invoke(TestNGProvider.java:106)
	at java.base/jdk.internal.reflect.DirectMethodHandleAccessor.invoke(DirectMethodHandleAccessor.java:104)
	at java.base/java.lang.reflect.Method.invoke(Method.java:578)
	at org.apache.maven.surefire.util.ReflectionUtils.invokeMethodWithArray(ReflectionUtils.java:189)
	at org.apache.maven.surefire.booter.ProviderFactory$ProviderProxy.invoke(ProviderFactory.java:165)
	at org.apache.maven.surefire.booter.ProviderFactory.invokeProvider(ProviderFactory.java:85)
	at org.apache.maven.surefire.booter.ForkedBooter.runSuitesInProcess(ForkedBooter.java:115)
	at org.apache.maven.surefire.booter.ForkedBooter.main(ForkedBooter.java:75)
</failure>
  </testcase>
  <testcase classname="comFinmatic.LoginTest" name="testCheckUserCanLoginBussinessAccount" time="0">
    <skipped/>
  </testcase>
  <testcase classname="comFinmatic.LoginTest" name="setUp" time="0.001">
    <skipped/>
  </testcase>
  <testcase classname="comFinmatic.LoginTest" name="testCheckUserCanLoginPersonalAccount" time="0">
    <skipped/>
  </testcase>
  <testcase classname="comFinmatic.ForgotPasswordTest" name="setUp" time="0.004">
    <failure message="Cannot invoke &quot;String.equalsIgnoreCase(String)&quot; because &quot;environment&quot; is null" type="java.lang.NullPointerException">java.lang.NullPointerException: Cannot invoke &quot;String.equalsIgnoreCase(String)&quot; because &quot;environment&quot; is null
	at comFinmatic.SetupClassTest.setUp(SetupClassTest.java:24)
	at java.base/jdk.internal.reflect.DirectMethodHandleAccessor.invoke(DirectMethodHandleAccessor.java:104)
	at java.base/java.lang.reflect.Method.invoke(Method.java:578)
	at org.testng.internal.MethodInvocationHelper.invokeMethod(MethodInvocationHelper.java:133)
	at org.testng.internal.MethodInvocationHelper.invokeMethodConsideringTimeout(MethodInvocationHelper.java:62)
	at org.testng.internal.ConfigInvoker.invokeConfigurationMethod(ConfigInvoker.java:385)
	at org.testng.internal.ConfigInvoker.invokeConfigurations(ConfigInvoker.java:321)
	at org.testng.internal.TestInvoker.runConfigMethods(TestInvoker.java:700)
	at org.testng.internal.TestInvoker.invokeMethod(TestInvoker.java:527)
	at org.testng.internal.TestInvoker.invokeTestMethod(TestInvoker.java:173)
	at org.testng.internal.MethodRunner.runInSequence(MethodRunner.java:46)
	at org.testng.internal.TestInvoker$MethodInvocationAgent.invoke(TestInvoker.java:824)
	at org.testng.internal.TestInvoker.invokeTestMethods(TestInvoker.java:146)
	at org.testng.internal.TestMethodWorker.invokeTestMethods(TestMethodWorker.java:146)
	at org.testng.internal.TestMethodWorker.run(TestMethodWorker.java:128)
	at java.base/java.util.ArrayList.forEach(ArrayList.java:1511)
	at org.testng.TestRunner.privateRun(TestRunner.java:794)
	at org.testng.TestRunner.run(TestRunner.java:596)
	at org.testng.SuiteRunner.runTest(SuiteRunner.java:377)
	at org.testng.SuiteRunner.runSequentially(SuiteRunner.java:371)
	at org.testng.SuiteRunner.privateRun(SuiteRunner.java:332)
	at org.testng.SuiteRunner.run(SuiteRunner.java:276)
	at org.testng.SuiteRunnerWorker.runSuite(SuiteRunnerWorker.java:53)
	at org.testng.SuiteRunnerWorker.run(SuiteRunnerWorker.java:96)
	at org.testng.TestNG.runSuitesSequentially(TestNG.java:1212)
	at org.testng.TestNG.runSuitesLocally(TestNG.java:1134)
	at org.testng.TestNG.runSuites(TestNG.java:1063)
	at org.testng.TestNG.run(TestNG.java:1031)
	at org.apache.maven.surefire.testng.TestNGExecutor.run(TestNGExecutor.java:77)
	at org.apache.maven.surefire.testng.TestNGDirectoryTestSuite.executeMulti(TestNGDirectoryTestSuite.java:159)
	at org.apache.maven.surefire.testng.TestNGDirectoryTestSuite.execute(TestNGDirectoryTestSuite.java:99)
	at org.apache.maven.surefire.testng.TestNGProvider.invoke(TestNGProvider.java:106)
	at java.base/jdk.internal.reflect.DirectMethodHandleAccessor.invoke(DirectMethodHandleAccessor.java:104)
	at java.base/java.lang.reflect.Method.invoke(Method.java:578)
	at org.apache.maven.surefire.util.ReflectionUtils.invokeMethodWithArray(ReflectionUtils.java:189)
	at org.apache.maven.surefire.booter.ProviderFactory$ProviderProxy.invoke(ProviderFactory.java:165)
	at org.apache.maven.surefire.booter.ProviderFactory.invokeProvider(ProviderFactory.java:85)
	at org.apache.maven.surefire.booter.ForkedBooter.runSuitesInProcess(ForkedBooter.java:115)
	at org.apache.maven.surefire.booter.ForkedBooter.main(ForkedBooter.java:75)
</failure>
  </testcase>
  <testcase classname="comFinmatic.ForgotPasswordTest" name="testForgotPasswordPersonalAccount" time="0">
    <skipped/>
  </testcase>
  <testcase classname="comFinmatic.ForgotPasswordTest" name="setUp" time="0.01">
    <skipped/>
  </testcase>
  <testcase classname="comFinmatic.ForgotPasswordTest" name="testForgotPasswordWithEMailPhoneBusinessAccount" time="0">
    <skipped/>
  </testcase>
  <testcase classname="comFinmatic.ForgotPasswordTest" name="setUp" time="0.002">
    <skipped/>
  </testcase>
  <testcase classname="comFinmatic.ForgotPasswordTest" name="testForgotPasswordWithEmailPhonePersonalAccount" time="0">
    <skipped/>
  </testcase>
  <testcase classname="comFinmatic.ForgotPasswordTest" name="setUp" time="0.002">
    <skipped/>
  </testcase>
  <testcase classname="comFinmatic.ForgotPasswordTest" name="testForgotPasswordWithOutEmail" time="0">
    <skipped/>
  </testcase>
  <testcase classname="comFinmatic.RegisterTest" name="setUp" time="0.003">
    <failure message="Cannot invoke &quot;String.equalsIgnoreCase(String)&quot; because &quot;environment&quot; is null" type="java.lang.NullPointerException">java.lang.NullPointerException: Cannot invoke &quot;String.equalsIgnoreCase(String)&quot; because &quot;environment&quot; is null
	at comFinmatic.SetupClassTest.setUp(SetupClassTest.java:24)
	at java.base/jdk.internal.reflect.DirectMethodHandleAccessor.invoke(DirectMethodHandleAccessor.java:104)
	at java.base/java.lang.reflect.Method.invoke(Method.java:578)
	at org.testng.internal.MethodInvocationHelper.invokeMethod(MethodInvocationHelper.java:133)
	at org.testng.internal.MethodInvocationHelper.invokeMethodConsideringTimeout(MethodInvocationHelper.java:62)
	at org.testng.internal.ConfigInvoker.invokeConfigurationMethod(ConfigInvoker.java:385)
	at org.testng.internal.ConfigInvoker.invokeConfigurations(ConfigInvoker.java:321)
	at org.testng.internal.TestInvoker.runConfigMethods(TestInvoker.java:700)
	at org.testng.internal.TestInvoker.invokeMethod(TestInvoker.java:527)
	at org.testng.internal.TestInvoker.invokeTestMethod(TestInvoker.java:173)
	at org.testng.internal.MethodRunner.runInSequence(MethodRunner.java:46)
	at org.testng.internal.TestInvoker$MethodInvocationAgent.invoke(TestInvoker.java:824)
	at org.testng.internal.TestInvoker.invokeTestMethods(TestInvoker.java:146)
	at org.testng.internal.TestMethodWorker.invokeTestMethods(TestMethodWorker.java:146)
	at org.testng.internal.TestMethodWorker.run(TestMethodWorker.java:128)
	at java.base/java.util.ArrayList.forEach(ArrayList.java:1511)
	at org.testng.TestRunner.privateRun(TestRunner.java:794)
	at org.testng.TestRunner.run(TestRunner.java:596)
	at org.testng.SuiteRunner.runTest(SuiteRunner.java:377)
	at org.testng.SuiteRunner.runSequentially(SuiteRunner.java:371)
	at org.testng.SuiteRunner.privateRun(SuiteRunner.java:332)
	at org.testng.SuiteRunner.run(SuiteRunner.java:276)
	at org.testng.SuiteRunnerWorker.runSuite(SuiteRunnerWorker.java:53)
	at org.testng.SuiteRunnerWorker.run(SuiteRunnerWorker.java:96)
	at org.testng.TestNG.runSuitesSequentially(TestNG.java:1212)
	at org.testng.TestNG.runSuitesLocally(TestNG.java:1134)
	at org.testng.TestNG.runSuites(TestNG.java:1063)
	at org.testng.TestNG.run(TestNG.java:1031)
	at org.apache.maven.surefire.testng.TestNGExecutor.run(TestNGExecutor.java:77)
	at org.apache.maven.surefire.testng.TestNGDirectoryTestSuite.executeMulti(TestNGDirectoryTestSuite.java:159)
	at org.apache.maven.surefire.testng.TestNGDirectoryTestSuite.execute(TestNGDirectoryTestSuite.java:99)
	at org.apache.maven.surefire.testng.TestNGProvider.invoke(TestNGProvider.java:106)
	at java.base/jdk.internal.reflect.DirectMethodHandleAccessor.invoke(DirectMethodHandleAccessor.java:104)
	at java.base/java.lang.reflect.Method.invoke(Method.java:578)
	at org.apache.maven.surefire.util.ReflectionUtils.invokeMethodWithArray(ReflectionUtils.java:189)
	at org.apache.maven.surefire.booter.ProviderFactory$ProviderProxy.invoke(ProviderFactory.java:165)
	at org.apache.maven.surefire.booter.ProviderFactory.invokeProvider(ProviderFactory.java:85)
	at org.apache.maven.surefire.booter.ForkedBooter.runSuitesInProcess(ForkedBooter.java:115)
	at org.apache.maven.surefire.booter.ForkedBooter.main(ForkedBooter.java:75)
</failure>
  </testcase>
  <testcase classname="comFinmatic.RegisterTest" name="testRegistrationBussinessAccount" time="0">
    <skipped/>
  </testcase>
  <testcase classname="comFinmatic.RegisterTest" name="setUp" time="0.001">
    <skipped/>
  </testcase>
  <testcase classname="comFinmatic.RegisterTest" name="testRegistrationPersonalAccount" time="0">
    <skipped/>
  </testcase>
  <testcase classname="comFinmatic.RegisterTest" name="setUp" time="0.001">
    <skipped/>
  </testcase>
  <testcase classname="comFinmatic.RegisterTest" name="testRegistrationWithoutAccountBussinessAccount" time="0">
    <skipped/>
  </testcase>
  <testcase classname="comFinmatic.RegisterTest" name="setUp" time="0.001">
    <skipped/>
  </testcase>
  <testcase classname="comFinmatic.RegisterTest" name="testRegistrationWithoutAccountPersonalAccount" time="0.001">
    <skipped/>
  </testcase>
</testsuite>